ERROR - 2025-03-25 05:16:09 --> Error connecting to the database: No connection could be made because the target machine actively refused it.

CRITICAL - 2025-03-25 05:16:09 --> Unable to connect to the database.
Main connection [MySQLi]: No connection could be made because the target machine actively refused it.

#0 G:\My Drive\CodeIgniter4-4.1.9\system\Database\BaseConnection.php(577): CodeIgniter\Database\BaseConnection->initialize()
#1 G:\My Drive\CodeIgniter4-4.1.9\system\Database\BaseBuilder.php(1588): CodeIgniter\Database\BaseConnection->query('SELECT *\nFROM `...', Array, false)
#2 G:\My Drive\CodeIgniter4-4.1.9\app\Models\Model2.php(51): CodeIgniter\Database\BaseBuilder->getWhere(Array)
#3 G:\My Drive\CodeIgniter4-4.1.9\app\Controllers\Home.php(45): App\Models\Model2->getWhere('pengguna', Array)
#4 G:\My Drive\CodeIgniter4-4.1.9\system\CodeIgniter.php(832): App\Controllers\Home->index()
#5 G:\My Drive\CodeIgniter4-4.1.9\system\CodeIgniter.php(419): CodeIgniter\CodeIgniter->runController(Object(App\Controllers\Home))
#6 G:\My Drive\CodeIgniter4-4.1.9\system\CodeIgniter.php(326): CodeIgniter\CodeIgniter->handleRequest(NULL, Object(Config\Cache), false)
#7 G:\My Drive\CodeIgniter4-4.1.9\public\index.php(37): CodeIgniter\CodeIgniter->run()
#8 G:\My Drive\CodeIgniter4-4.1.9\system\Commands\Server\rewrite.php(43): require_once('G:\\My Drive\\Cod...')
#9 {main}
ERROR - 2025-03-25 05:16:24 --> Unknown column 'username' in 'where clause'
CRITICAL - 2025-03-25 05:16:24 --> Call to a member function getRow() on bool
#0 G:\My Drive\CodeIgniter4-4.1.9\app\Controllers\Home.php(45): App\Models\Model2->getWhere('pengguna', Array)
#1 G:\My Drive\CodeIgniter4-4.1.9\system\CodeIgniter.php(832): App\Controllers\Home->index()
#2 G:\My Drive\CodeIgniter4-4.1.9\system\CodeIgniter.php(419): CodeIgniter\CodeIgniter->runController(Object(App\Controllers\Home))
#3 G:\My Drive\CodeIgniter4-4.1.9\system\CodeIgniter.php(326): CodeIgniter\CodeIgniter->handleRequest(NULL, Object(Config\Cache), false)
#4 G:\My Drive\CodeIgniter4-4.1.9\public\index.php(37): CodeIgniter\CodeIgniter->run()
#5 G:\My Drive\CodeIgniter4-4.1.9\system\Commands\Server\rewrite.php(43): require_once('G:\\My Drive\\Cod...')
#6 {main}
ERROR - 2025-03-25 05:16:29 --> Unknown column 'username' in 'where clause'
CRITICAL - 2025-03-25 05:16:29 --> Call to a member function getRow() on bool
#0 G:\My Drive\CodeIgniter4-4.1.9\app\Controllers\Home.php(45): App\Models\Model2->getWhere('pengguna', Array)
#1 G:\My Drive\CodeIgniter4-4.1.9\system\CodeIgniter.php(832): App\Controllers\Home->index()
#2 G:\My Drive\CodeIgniter4-4.1.9\system\CodeIgniter.php(419): CodeIgniter\CodeIgniter->runController(Object(App\Controllers\Home))
#3 G:\My Drive\CodeIgniter4-4.1.9\system\CodeIgniter.php(326): CodeIgniter\CodeIgniter->handleRequest(NULL, Object(Config\Cache), false)
#4 G:\My Drive\CodeIgniter4-4.1.9\public\index.php(37): CodeIgniter\CodeIgniter->run()
#5 G:\My Drive\CodeIgniter4-4.1.9\system\Commands\Server\rewrite.php(43): require_once('G:\\My Drive\\Cod...')
#6 {main}
ERROR - 2025-03-25 05:16:37 --> Unknown column 'username' in 'where clause'
CRITICAL - 2025-03-25 05:16:37 --> Call to a member function getRow() on bool
#0 G:\My Drive\CodeIgniter4-4.1.9\app\Controllers\Home.php(45): App\Models\Model2->getWhere('pengguna', Array)
#1 G:\My Drive\CodeIgniter4-4.1.9\system\CodeIgniter.php(832): App\Controllers\Home->index()
#2 G:\My Drive\CodeIgniter4-4.1.9\system\CodeIgniter.php(419): CodeIgniter\CodeIgniter->runController(Object(App\Controllers\Home))
#3 G:\My Drive\CodeIgniter4-4.1.9\system\CodeIgniter.php(326): CodeIgniter\CodeIgniter->handleRequest(NULL, Object(Config\Cache), false)
#4 G:\My Drive\CodeIgniter4-4.1.9\public\index.php(37): CodeIgniter\CodeIgniter->run()
#5 G:\My Drive\CodeIgniter4-4.1.9\system\Commands\Server\rewrite.php(43): require_once('G:\\My Drive\\Cod...')
#6 {main}
ERROR - 2025-03-25 05:17:06 --> Unknown column 'username' in 'where clause'
CRITICAL - 2025-03-25 05:17:06 --> Call to a member function getRow() on bool
#0 G:\My Drive\CodeIgniter4-4.1.9\app\Controllers\Home.php(45): App\Models\Model2->getWhere('pengguna', Array)
#1 G:\My Drive\CodeIgniter4-4.1.9\system\CodeIgniter.php(832): App\Controllers\Home->index()
#2 G:\My Drive\CodeIgniter4-4.1.9\system\CodeIgniter.php(419): CodeIgniter\CodeIgniter->runController(Object(App\Controllers\Home))
#3 G:\My Drive\CodeIgniter4-4.1.9\system\CodeIgniter.php(326): CodeIgniter\CodeIgniter->handleRequest(NULL, Object(Config\Cache), false)
#4 G:\My Drive\CodeIgniter4-4.1.9\public\index.php(37): CodeIgniter\CodeIgniter->run()
#5 G:\My Drive\CodeIgniter4-4.1.9\system\Commands\Server\rewrite.php(43): require_once('G:\\My Drive\\Cod...')
#6 {main}
