ERROR - 2025-03-04 00:42:31 --> Unknown column 'amount' in 'field list'
ERROR - 2025-03-04 01:09:25 --> Unknown column 'amount' in 'field list'
ERROR - 2025-03-04 19:47:31 --> Unknown column 'amount' in 'field list'
ERROR - 2025-03-04 20:00:59 --> Unknown column 'amount' in 'field list'
CRITICAL - 2025-03-04 21:13:10 --> Undefined array key "g-recaptcha-response"
#0 G:\My Drive\CodeIgniter4-4.1.9\app\Controllers\Home.php(84): CodeIgniter\Debug\Exceptions->errorHandler(2, 'Undefined array...', 'G:\\My Drive\\Cod...', 84)
#1 G:\My Drive\CodeIgniter4-4.1.9\system\CodeIgniter.php(832): App\Controllers\Home->aksi_login()
#2 G:\My Drive\CodeIgniter4-4.1.9\system\CodeIgniter.php(419): CodeIgniter\CodeIgniter->runController(Object(App\Controllers\Home))
#3 G:\My Drive\CodeIgniter4-4.1.9\system\CodeIgniter.php(326): CodeIgniter\CodeIgniter->handleRequest(NULL, Object(Config\Cache), false)
#4 G:\My Drive\CodeIgniter4-4.1.9\public\index.php(37): CodeIgniter\CodeIgniter->run()
#5 G:\My Drive\CodeIgniter4-4.1.9\system\Commands\Server\rewrite.php(43): require_once('G:\\My Drive\\Cod...')
#6 {main}
ERROR - 2025-03-04 21:13:37 --> Error connecting to the database: No connection could be made because the target machine actively refused it
CRITICAL - 2025-03-04 21:13:37 --> Unable to connect to the database.
Main connection [MySQLi]: No connection could be made because the target machine actively refused it
#0 G:\My Drive\CodeIgniter4-4.1.9\system\Database\BaseConnection.php(577): CodeIgniter\Database\BaseConnection->initialize()
#1 G:\My Drive\CodeIgniter4-4.1.9\system\Database\BaseBuilder.php(1588): CodeIgniter\Database\BaseConnection->query('SELECT *\nFROM `...', Array, false)
#2 G:\My Drive\CodeIgniter4-4.1.9\app\Models\Model2.php(51): CodeIgniter\Database\BaseBuilder->getWhere(Array)
#3 G:\My Drive\CodeIgniter4-4.1.9\app\Controllers\Home.php(101): App\Models\Model2->getWhere('pengguna', Array)
#4 G:\My Drive\CodeIgniter4-4.1.9\system\CodeIgniter.php(832): App\Controllers\Home->aksi_login()
#5 G:\My Drive\CodeIgniter4-4.1.9\system\CodeIgniter.php(419): CodeIgniter\CodeIgniter->runController(Object(App\Controllers\Home))
#6 G:\My Drive\CodeIgniter4-4.1.9\system\CodeIgniter.php(326): CodeIgniter\CodeIgniter->handleRequest(NULL, Object(Config\Cache), false)
#7 G:\My Drive\CodeIgniter4-4.1.9\public\index.php(37): CodeIgniter\CodeIgniter->run()
#8 G:\My Drive\CodeIgniter4-4.1.9\system\Commands\Server\rewrite.php(43): require_once('G:\\My Drive\\Cod...')
#9 {main}
ERROR - 2025-03-04 21:14:45 --> Unknown column 'amount' in 'field list'
ERROR - 2025-03-04 21:19:42 --> Unknown column 'amount' in 'field list'
ERROR - 2025-03-04 21:25:04 --> Unknown column 'amount' in 'field list'
