ERROR - 2025-03-10 11:41:39 --> Unknown column 'amount' in 'field list'
CRITICAL - 2025-03-10 21:42:38 --> Invalid file: login.php
#0 G:\My Drive\CodeIgniter4-4.1.9\system\View\View.php(198): CodeIgniter\Exceptions\FrameworkException::forInvalidFile('login.php')
#1 G:\My Drive\CodeIgniter4-4.1.9\system\Common.php(1089): CodeIgniter\View\View->render('login', Array, true)
#2 G:\My Drive\CodeIgniter4-4.1.9\app\Controllers\Home.php(54): view('login')
#3 G:\My Drive\CodeIgniter4-4.1.9\system\CodeIgniter.php(832): App\Controllers\Home->index()
#4 G:\My Drive\CodeIgniter4-4.1.9\system\CodeIgniter.php(419): CodeIgniter\CodeIgniter->runController(Object(App\Controllers\Home))
#5 G:\My Drive\CodeIgniter4-4.1.9\system\CodeIgniter.php(326): CodeIgniter\CodeIgniter->handleRequest(NULL, Object(Config\Cache), false)
#6 G:\My Drive\CodeIgniter4-4.1.9\public\index.php(37): CodeIgniter\CodeIgniter->run()
#7 G:\My Drive\CodeIgniter4-4.1.9\system\Commands\Server\rewrite.php(43): require_once('G:\\My Drive\\Cod...')
#8 {main}
ERROR - 2025-03-10 21:43:06 --> Unknown column 'amount' in 'field list'
ERROR - 2025-03-10 22:07:01 --> Error connecting to the database: No connection could be made because the target machine actively refused it
CRITICAL - 2025-03-10 22:07:02 --> Unable to connect to the database.
Main connection [MySQLi]: No connection could be made because the target machine actively refused it
#0 G:\My Drive\CodeIgniter4-4.1.9\system\Database\BaseConnection.php(577): CodeIgniter\Database\BaseConnection->initialize()
#1 G:\My Drive\CodeIgniter4-4.1.9\system\Database\BaseBuilder.php(1588): CodeIgniter\Database\BaseConnection->query('SELECT *\nFROM `...', Array, false)
#2 G:\My Drive\CodeIgniter4-4.1.9\app\Models\Model2.php(51): CodeIgniter\Database\BaseBuilder->getWhere(Array)
#3 G:\My Drive\CodeIgniter4-4.1.9\app\Controllers\Home.php(122): App\Models\Model2->getWhere('pengguna', Array)
#4 G:\My Drive\CodeIgniter4-4.1.9\system\CodeIgniter.php(832): App\Controllers\Home->aksi_login()
#5 G:\My Drive\CodeIgniter4-4.1.9\system\CodeIgniter.php(419): CodeIgniter\CodeIgniter->runController(Object(App\Controllers\Home))
#6 G:\My Drive\CodeIgniter4-4.1.9\system\CodeIgniter.php(326): CodeIgniter\CodeIgniter->handleRequest(NULL, Object(Config\Cache), false)
#7 G:\My Drive\CodeIgniter4-4.1.9\public\index.php(37): CodeIgniter\CodeIgniter->run()
#8 G:\My Drive\CodeIgniter4-4.1.9\system\Commands\Server\rewrite.php(43): require_once('G:\\My Drive\\Cod...')
#9 {main}
ERROR - 2025-03-10 22:07:31 --> Unknown column 'amount' in 'field list'
ERROR - 2025-03-10 22:23:30 --> Unknown column 'amount' in 'field list'
ERROR - 2025-03-10 23:14:12 --> Unknown column 'amount' in 'field list'
