ERROR - 2025-03-09 20:09:23 --> Unknown column 'amount' in 'field list'
ERROR - 2025-03-09 20:11:18 --> Unknown column 'amount' in 'field list'
ERROR - 2025-03-09 20:14:56 --> Unknown column 'amount' in 'field list'
CRITICAL - 2025-03-09 20:15:06 --> Call to undefined method App\Models\LogActivityModel::addLog
#0 G:\My Drive\CodeIgniter4-4.1.9\app\Controllers\Home.php(328): CodeIgniter\Model->__call('addLog', Array)
#1 G:\My Drive\CodeIgniter4-4.1.9\system\CodeIgniter.php(832): App\Controllers\Home->viewLog()
#2 G:\My Drive\CodeIgniter4-4.1.9\system\CodeIgniter.php(419): CodeIgniter\CodeIgniter->runController(Object(App\Controllers\Home))
#3 G:\My Drive\CodeIgniter4-4.1.9\system\CodeIgniter.php(326): CodeIgniter\CodeIgniter->handleRequest(NULL, Object(Config\Cache), false)
#4 G:\My Drive\CodeIgniter4-4.1.9\public\index.php(37): CodeIgniter\CodeIgniter->run()
#5 G:\My Drive\CodeIgniter4-4.1.9\system\Commands\Server\rewrite.php(43): require_once('G:\\My Drive\\Cod...')
#6 {main}
CRITICAL - 2025-03-09 20:19:42 --> Call to undefined method App\Models\LogActivityModel::addLog
#0 G:\My Drive\CodeIgniter4-4.1.9\app\Controllers\Home.php(329): CodeIgniter\Model->__call('addLog', Array)
#1 G:\My Drive\CodeIgniter4-4.1.9\system\CodeIgniter.php(832): App\Controllers\Home->viewLog()
#2 G:\My Drive\CodeIgniter4-4.1.9\system\CodeIgniter.php(419): CodeIgniter\CodeIgniter->runController(Object(App\Controllers\Home))
#3 G:\My Drive\CodeIgniter4-4.1.9\system\CodeIgniter.php(326): CodeIgniter\CodeIgniter->handleRequest(NULL, Object(Config\Cache), false)
#4 G:\My Drive\CodeIgniter4-4.1.9\public\index.php(37): CodeIgniter\CodeIgniter->run()
#5 G:\My Drive\CodeIgniter4-4.1.9\system\Commands\Server\rewrite.php(43): require_once('G:\\My Drive\\Cod...')
#6 {main}
CRITICAL - 2025-03-09 20:20:23 --> Call to undefined method App\Models\LogActivityModel::addLog
#0 G:\My Drive\CodeIgniter4-4.1.9\app\Controllers\Home.php(329): CodeIgniter\Model->__call('addLog', Array)
#1 G:\My Drive\CodeIgniter4-4.1.9\system\CodeIgniter.php(832): App\Controllers\Home->viewLog()
#2 G:\My Drive\CodeIgniter4-4.1.9\system\CodeIgniter.php(419): CodeIgniter\CodeIgniter->runController(Object(App\Controllers\Home))
#3 G:\My Drive\CodeIgniter4-4.1.9\system\CodeIgniter.php(326): CodeIgniter\CodeIgniter->handleRequest(NULL, Object(Config\Cache), false)
#4 G:\My Drive\CodeIgniter4-4.1.9\public\index.php(37): CodeIgniter\CodeIgniter->run()
#5 G:\My Drive\CodeIgniter4-4.1.9\system\Commands\Server\rewrite.php(43): require_once('G:\\My Drive\\Cod...')
#6 {main}
CRITICAL - 2025-03-09 20:21:30 --> Too few arguments to function App\Models\LogActivityModel::saveLog(), 3 passed in G:\My Drive\CodeIgniter4-4.1.9\app\Controllers\Home.php on line 329 and exactly 4 expected
#0 G:\My Drive\CodeIgniter4-4.1.9\app\Controllers\Home.php(329): App\Models\LogActivityModel->saveLog(NULL, NULL, 'Melihat halaman...')
#1 G:\My Drive\CodeIgniter4-4.1.9\system\CodeIgniter.php(832): App\Controllers\Home->viewLog()
#2 G:\My Drive\CodeIgniter4-4.1.9\system\CodeIgniter.php(419): CodeIgniter\CodeIgniter->runController(Object(App\Controllers\Home))
#3 G:\My Drive\CodeIgniter4-4.1.9\system\CodeIgniter.php(326): CodeIgniter\CodeIgniter->handleRequest(NULL, Object(Config\Cache), false)
#4 G:\My Drive\CodeIgniter4-4.1.9\public\index.php(37): CodeIgniter\CodeIgniter->run()
#5 G:\My Drive\CodeIgniter4-4.1.9\system\Commands\Server\rewrite.php(43): require_once('G:\\My Drive\\Cod...')
#6 {main}
ERROR - 2025-03-09 20:24:18 --> Unknown column 'amount' in 'field list'
ERROR - 2025-03-09 20:58:14 --> Unknown column 'amount' in 'field list'
ERROR - 2025-03-09 20:59:33 --> Unknown column 'amount' in 'field list'
CRITICAL - 2025-03-09 22:51:06 --> syntax error, unexpected token "public"
#0 G:\My Drive\CodeIgniter4-4.1.9\system\Router\Router.php(175): CodeIgniter\Router\Router->autoRoute('home/login')
#1 G:\My Drive\CodeIgniter4-4.1.9\system\CodeIgniter.php(726): CodeIgniter\Router\Router->handle('home/login')
#2 G:\My Drive\CodeIgniter4-4.1.9\system\CodeIgniter.php(368): CodeIgniter\CodeIgniter->tryToRouteIt(Object(CodeIgniter\Router\RouteCollection))
#3 G:\My Drive\CodeIgniter4-4.1.9\system\CodeIgniter.php(326): CodeIgniter\CodeIgniter->handleRequest(NULL, Object(Config\Cache), false)
#4 G:\My Drive\CodeIgniter4-4.1.9\public\index.php(37): CodeIgniter\CodeIgniter->run()
#5 G:\My Drive\CodeIgniter4-4.1.9\system\Commands\Server\rewrite.php(43): require_once('G:\\My Drive\\Cod...')
#6 {main}
CRITICAL - 2025-03-09 22:51:35 --> syntax error, unexpected token "public", expecting end of file
#0 G:\My Drive\CodeIgniter4-4.1.9\system\Router\Router.php(175): CodeIgniter\Router\Router->autoRoute('home/login')
#1 G:\My Drive\CodeIgniter4-4.1.9\system\CodeIgniter.php(726): CodeIgniter\Router\Router->handle('home/login')
#2 G:\My Drive\CodeIgniter4-4.1.9\system\CodeIgniter.php(368): CodeIgniter\CodeIgniter->tryToRouteIt(Object(CodeIgniter\Router\RouteCollection))
#3 G:\My Drive\CodeIgniter4-4.1.9\system\CodeIgniter.php(326): CodeIgniter\CodeIgniter->handleRequest(NULL, Object(Config\Cache), false)
#4 G:\My Drive\CodeIgniter4-4.1.9\public\index.php(37): CodeIgniter\CodeIgniter->run()
#5 G:\My Drive\CodeIgniter4-4.1.9\system\Commands\Server\rewrite.php(43): require_once('G:\\My Drive\\Cod...')
#6 {main}
CRITICAL - 2025-03-09 22:51:56 --> Cannot redeclare App\Controllers\Home::hapusPengguna()
#0 [internal function]: CodeIgniter\Debug\Exceptions->shutdownHandler()
#1 {main}
CRITICAL - 2025-03-09 22:52:14 --> Cannot redeclare App\Controllers\Home::hapusPengguna()
#0 [internal function]: CodeIgniter\Debug\Exceptions->shutdownHandler()
#1 {main}
ERROR - 2025-03-09 22:53:51 --> Unknown column 'amount' in 'field list'
CRITICAL - 2025-03-09 22:54:00 --> Undefined variable $p
#0 G:\My Drive\CodeIgniter4-4.1.9\app\Views\about.php(51): CodeIgniter\Debug\Exceptions->errorHandler(2, 'Undefined varia...', 'G:\\My Drive\\Cod...', 51)
#1 G:\My Drive\CodeIgniter4-4.1.9\system\View\View.php(210): include('G:\\My Drive\\Cod...')
#2 G:\My Drive\CodeIgniter4-4.1.9\system\View\View.php(213): CodeIgniter\View\View->CodeIgniter\View\{closure}()
#3 G:\My Drive\CodeIgniter4-4.1.9\system\Common.php(1089): CodeIgniter\View\View->render('about', Array, true)
#4 G:\My Drive\CodeIgniter4-4.1.9\app\Controllers\Home.php(187): view('about')
#5 G:\My Drive\CodeIgniter4-4.1.9\system\CodeIgniter.php(832): App\Controllers\Home->user()
#6 G:\My Drive\CodeIgniter4-4.1.9\system\CodeIgniter.php(419): CodeIgniter\CodeIgniter->runController(Object(App\Controllers\Home))
#7 G:\My Drive\CodeIgniter4-4.1.9\system\CodeIgniter.php(326): CodeIgniter\CodeIgniter->handleRequest(NULL, Object(Config\Cache), false)
#8 G:\My Drive\CodeIgniter4-4.1.9\public\index.php(37): CodeIgniter\CodeIgniter->run()
#9 G:\My Drive\CodeIgniter4-4.1.9\system\Commands\Server\rewrite.php(43): require_once('G:\\My Drive\\Cod...')
#10 {main}
CRITICAL - 2025-03-09 22:56:14 --> Attempt to read property "id_user" on int
#0 G:\My Drive\CodeIgniter4-4.1.9\app\Views\about.php(51): CodeIgniter\Debug\Exceptions->errorHandler(2, 'Attempt to read...', 'G:\\My Drive\\Cod...', 51)
#1 G:\My Drive\CodeIgniter4-4.1.9\system\View\View.php(210): include('G:\\My Drive\\Cod...')
#2 G:\My Drive\CodeIgniter4-4.1.9\system\View\View.php(213): CodeIgniter\View\View->CodeIgniter\View\{closure}()
#3 G:\My Drive\CodeIgniter4-4.1.9\system\Common.php(1089): CodeIgniter\View\View->render('about', Array, true)
#4 G:\My Drive\CodeIgniter4-4.1.9\app\Controllers\Home.php(187): view('about')
#5 G:\My Drive\CodeIgniter4-4.1.9\system\CodeIgniter.php(832): App\Controllers\Home->user()
#6 G:\My Drive\CodeIgniter4-4.1.9\system\CodeIgniter.php(419): CodeIgniter\CodeIgniter->runController(Object(App\Controllers\Home))
#7 G:\My Drive\CodeIgniter4-4.1.9\system\CodeIgniter.php(326): CodeIgniter\CodeIgniter->handleRequest(NULL, Object(Config\Cache), false)
#8 G:\My Drive\CodeIgniter4-4.1.9\public\index.php(37): CodeIgniter\CodeIgniter->run()
#9 G:\My Drive\CodeIgniter4-4.1.9\system\Commands\Server\rewrite.php(43): require_once('G:\\My Drive\\Cod...')
#10 {main}
CRITICAL - 2025-03-09 22:59:28 --> Attempt to read property "id_user" on int
#0 G:\My Drive\CodeIgniter4-4.1.9\app\Views\about.php(51): CodeIgniter\Debug\Exceptions->errorHandler(2, 'Attempt to read...', 'G:\\My Drive\\Cod...', 51)
#1 G:\My Drive\CodeIgniter4-4.1.9\system\View\View.php(210): include('G:\\My Drive\\Cod...')
#2 G:\My Drive\CodeIgniter4-4.1.9\system\View\View.php(213): CodeIgniter\View\View->CodeIgniter\View\{closure}()
#3 G:\My Drive\CodeIgniter4-4.1.9\system\Common.php(1089): CodeIgniter\View\View->render('about', Array, true)
#4 G:\My Drive\CodeIgniter4-4.1.9\app\Controllers\Home.php(187): view('about')
#5 G:\My Drive\CodeIgniter4-4.1.9\system\CodeIgniter.php(832): App\Controllers\Home->user()
#6 G:\My Drive\CodeIgniter4-4.1.9\system\CodeIgniter.php(419): CodeIgniter\CodeIgniter->runController(Object(App\Controllers\Home))
#7 G:\My Drive\CodeIgniter4-4.1.9\system\CodeIgniter.php(326): CodeIgniter\CodeIgniter->handleRequest(NULL, Object(Config\Cache), false)
#8 G:\My Drive\CodeIgniter4-4.1.9\public\index.php(37): CodeIgniter\CodeIgniter->run()
#9 G:\My Drive\CodeIgniter4-4.1.9\system\Commands\Server\rewrite.php(43): require_once('G:\\My Drive\\Cod...')
#10 {main}
CRITICAL - 2025-03-09 22:59:59 --> Attempt to read property "id_user" on int
#0 G:\My Drive\CodeIgniter4-4.1.9\app\Views\about.php(52): CodeIgniter\Debug\Exceptions->errorHandler(2, 'Attempt to read...', 'G:\\My Drive\\Cod...', 52)
#1 G:\My Drive\CodeIgniter4-4.1.9\system\View\View.php(210): include('G:\\My Drive\\Cod...')
#2 G:\My Drive\CodeIgniter4-4.1.9\system\View\View.php(213): CodeIgniter\View\View->CodeIgniter\View\{closure}()
#3 G:\My Drive\CodeIgniter4-4.1.9\system\Common.php(1089): CodeIgniter\View\View->render('about', Array, true)
#4 G:\My Drive\CodeIgniter4-4.1.9\app\Controllers\Home.php(187): view('about')
#5 G:\My Drive\CodeIgniter4-4.1.9\system\CodeIgniter.php(832): App\Controllers\Home->user()
#6 G:\My Drive\CodeIgniter4-4.1.9\system\CodeIgniter.php(419): CodeIgniter\CodeIgniter->runController(Object(App\Controllers\Home))
#7 G:\My Drive\CodeIgniter4-4.1.9\system\CodeIgniter.php(326): CodeIgniter\CodeIgniter->handleRequest(NULL, Object(Config\Cache), false)
#8 G:\My Drive\CodeIgniter4-4.1.9\public\index.php(37): CodeIgniter\CodeIgniter->run()
#9 G:\My Drive\CodeIgniter4-4.1.9\system\Commands\Server\rewrite.php(43): require_once('G:\\My Drive\\Cod...')
#10 {main}
