ERROR - 2025-02-19 18:55:42 --> Error connecting to the database: No connection could be made because the target machine actively refused it.

CRITICAL - 2025-02-19 18:55:42 --> Unable to connect to the database.
Main connection [MySQLi]: No connection could be made because the target machine actively refused it.

#0 D:\Downloads\CodeIgniter4-4.1.9\system\Database\BaseConnection.php(577): CodeIgniter\Database\BaseConnection->initialize()
#1 D:\Downloads\CodeIgniter4-4.1.9\system\Database\BaseBuilder.php(1588): CodeIgniter\Database\BaseConnection->query('SELECT *\nFROM `...', Array, false)
#2 D:\Downloads\CodeIgniter4-4.1.9\app\Models\Model2.php(51): CodeIgniter\Database\BaseBuilder->getWhere(Array)
#3 D:\Downloads\CodeIgniter4-4.1.9\app\Controllers\Home.php(59): App\Models\Model2->getWhere('pengguna', Array)
#4 D:\Downloads\CodeIgniter4-4.1.9\system\CodeIgniter.php(832): App\Controllers\Home->aksi_login()
#5 D:\Downloads\CodeIgniter4-4.1.9\system\CodeIgniter.php(419): CodeIgniter\CodeIgniter->runController(Object(App\Controllers\Home))
#6 D:\Downloads\CodeIgniter4-4.1.9\system\CodeIgniter.php(326): CodeIgniter\CodeIgniter->handleRequest(NULL, Object(Config\Cache), false)
#7 D:\Downloads\CodeIgniter4-4.1.9\public\index.php(37): CodeIgniter\CodeIgniter->run()
#8 D:\Downloads\CodeIgniter4-4.1.9\system\Commands\Server\rewrite.php(43): require_once('D:\\Downloads\\Co...')
#9 {main}
CRITICAL - 2025-02-19 19:32:07 --> syntax error, unexpected 'public' (T_PUBLIC)
#0 D:\Downloads\CodeIgniter4-4.1.9\system\Router\Router.php(175): CodeIgniter\Router\Router->autoRoute('home/logout')
#1 D:\Downloads\CodeIgniter4-4.1.9\system\CodeIgniter.php(726): CodeIgniter\Router\Router->handle('home/logout')
#2 D:\Downloads\CodeIgniter4-4.1.9\system\CodeIgniter.php(368): CodeIgniter\CodeIgniter->tryToRouteIt(Object(CodeIgniter\Router\RouteCollection))
#3 D:\Downloads\CodeIgniter4-4.1.9\system\CodeIgniter.php(326): CodeIgniter\CodeIgniter->handleRequest(NULL, Object(Config\Cache), false)
#4 D:\Downloads\CodeIgniter4-4.1.9\public\index.php(37): CodeIgniter\CodeIgniter->run()
#5 D:\Downloads\CodeIgniter4-4.1.9\system\Commands\Server\rewrite.php(43): require_once('D:\\Downloads\\Co...')
#6 {main}
ERROR - 2025-02-19 22:27:40 --> Error connecting to the database: No connection could be made because the target machine actively refused it.

CRITICAL - 2025-02-19 22:27:40 --> Unable to connect to the database.
Main connection [MySQLi]: No connection could be made because the target machine actively refused it.

#0 D:\Downloads\CodeIgniter4-4.1.9\system\Database\BaseConnection.php(577): CodeIgniter\Database\BaseConnection->initialize()
#1 D:\Downloads\CodeIgniter4-4.1.9\system\Database\BaseBuilder.php(1588): CodeIgniter\Database\BaseConnection->query('SELECT *\nFROM `...', Array, false)
#2 D:\Downloads\CodeIgniter4-4.1.9\app\Models\Model2.php(51): CodeIgniter\Database\BaseBuilder->getWhere(Array)
#3 D:\Downloads\CodeIgniter4-4.1.9\app\Controllers\Home.php(83): App\Models\Model2->getWhere('pengguna', Array)
#4 D:\Downloads\CodeIgniter4-4.1.9\system\CodeIgniter.php(832): App\Controllers\Home->aksi_login()
#5 D:\Downloads\CodeIgniter4-4.1.9\system\CodeIgniter.php(419): CodeIgniter\CodeIgniter->runController(Object(App\Controllers\Home))
#6 D:\Downloads\CodeIgniter4-4.1.9\system\CodeIgniter.php(326): CodeIgniter\CodeIgniter->handleRequest(NULL, Object(Config\Cache), false)
#7 D:\Downloads\CodeIgniter4-4.1.9\public\index.php(37): CodeIgniter\CodeIgniter->run()
#8 D:\Downloads\CodeIgniter4-4.1.9\system\Commands\Server\rewrite.php(43): require_once('D:\\Downloads\\Co...')
#9 {main}
