CRITICAL - 2025-02-18 01:54:31 --> syntax error, unexpected '?>', expecting ')'
#0 D:\Downloads\CodeIgniter4-4.1.9\system\View\View.php(213): CodeIgniter\View\View->CodeIgniter\View\{closure}()
#1 D:\Downloads\CodeIgniter4-4.1.9\system\Common.php(1089): CodeIgniter\View\View->render('footer', Array, true)
#2 D:\Downloads\CodeIgniter4-4.1.9\app\Controllers\Home.php(15): view('footer')
#3 D:\Downloads\CodeIgniter4-4.1.9\system\CodeIgniter.php(832): App\Controllers\Home->register()
#4 D:\Downloads\CodeIgniter4-4.1.9\system\CodeIgniter.php(419): CodeIgniter\CodeIgniter->runController(Object(App\Controllers\Home))
#5 D:\Downloads\CodeIgniter4-4.1.9\system\CodeIgniter.php(326): CodeIgniter\CodeIgniter->handleRequest(NULL, Object(Config\Cache), false)
#6 D:\Downloads\CodeIgniter4-4.1.9\public\index.php(37): CodeIgniter\CodeIgniter->run()
#7 D:\Downloads\CodeIgniter4-4.1.9\system\Commands\Server\rewrite.php(43): require_once('D:\\Downloads\\Co...')
#8 {main}
CRITICAL - 2025-02-18 01:56:55 --> syntax error, unexpected '?>', expecting ')'
#0 D:\Downloads\CodeIgniter4-4.1.9\system\View\View.php(213): CodeIgniter\View\View->CodeIgniter\View\{closure}()
#1 D:\Downloads\CodeIgniter4-4.1.9\system\Common.php(1089): CodeIgniter\View\View->render('footer', Array, true)
#2 D:\Downloads\CodeIgniter4-4.1.9\app\Controllers\Home.php(15): view('footer')
#3 D:\Downloads\CodeIgniter4-4.1.9\system\CodeIgniter.php(832): App\Controllers\Home->register()
#4 D:\Downloads\CodeIgniter4-4.1.9\system\CodeIgniter.php(419): CodeIgniter\CodeIgniter->runController(Object(App\Controllers\Home))
#5 D:\Downloads\CodeIgniter4-4.1.9\system\CodeIgniter.php(326): CodeIgniter\CodeIgniter->handleRequest(NULL, Object(Config\Cache), false)
#6 D:\Downloads\CodeIgniter4-4.1.9\public\index.php(37): CodeIgniter\CodeIgniter->run()
#7 D:\Downloads\CodeIgniter4-4.1.9\system\Commands\Server\rewrite.php(43): require_once('D:\\Downloads\\Co...')
#8 {main}
CRITICAL - 2025-02-18 01:57:30 --> syntax error, unexpected '?>', expecting ')'
#0 D:\Downloads\CodeIgniter4-4.1.9\system\View\View.php(213): CodeIgniter\View\View->CodeIgniter\View\{closure}()
#1 D:\Downloads\CodeIgniter4-4.1.9\system\Common.php(1089): CodeIgniter\View\View->render('footer', Array, true)
#2 D:\Downloads\CodeIgniter4-4.1.9\app\Controllers\Home.php(15): view('footer')
#3 D:\Downloads\CodeIgniter4-4.1.9\system\CodeIgniter.php(832): App\Controllers\Home->register()
#4 D:\Downloads\CodeIgniter4-4.1.9\system\CodeIgniter.php(419): CodeIgniter\CodeIgniter->runController(Object(App\Controllers\Home))
#5 D:\Downloads\CodeIgniter4-4.1.9\system\CodeIgniter.php(326): CodeIgniter\CodeIgniter->handleRequest(NULL, Object(Config\Cache), false)
#6 D:\Downloads\CodeIgniter4-4.1.9\public\index.php(37): CodeIgniter\CodeIgniter->run()
#7 D:\Downloads\CodeIgniter4-4.1.9\system\Commands\Server\rewrite.php(43): require_once('D:\\Downloads\\Co...')
#8 {main}
CRITICAL - 2025-02-18 18:52:55 --> syntax error, unexpected '">' (T_CONSTANT_ENCAPSED_STRING), expecting ';' or ','
#0 D:\Downloads\CodeIgniter4-4.1.9\system\View\View.php(213): CodeIgniter\View\View->CodeIgniter\View\{closure}()
#1 D:\Downloads\CodeIgniter4-4.1.9\system\Common.php(1089): CodeIgniter\View\View->render('footer', Array, true)
#2 D:\Downloads\CodeIgniter4-4.1.9\app\Controllers\Home.php(15): view('footer')
#3 D:\Downloads\CodeIgniter4-4.1.9\system\CodeIgniter.php(832): App\Controllers\Home->register()
#4 D:\Downloads\CodeIgniter4-4.1.9\system\CodeIgniter.php(419): CodeIgniter\CodeIgniter->runController(Object(App\Controllers\Home))
#5 D:\Downloads\CodeIgniter4-4.1.9\system\CodeIgniter.php(326): CodeIgniter\CodeIgniter->handleRequest(NULL, Object(Config\Cache), false)
#6 D:\Downloads\CodeIgniter4-4.1.9\public\index.php(37): CodeIgniter\CodeIgniter->run()
#7 D:\Downloads\CodeIgniter4-4.1.9\system\Commands\Server\rewrite.php(43): require_once('D:\\Downloads\\Co...')
#8 {main}
ERROR - 2025-02-18 22:52:26 --> Error connecting to the database: Unknown database 'managemenparkir'
CRITICAL - 2025-02-18 22:52:26 --> Unable to connect to the database.
Main connection [MySQLi]: Unknown database 'managemenparkir'
#0 D:\Downloads\CodeIgniter4-4.1.9\system\Database\BaseConnection.php(577): CodeIgniter\Database\BaseConnection->initialize()
#1 D:\Downloads\CodeIgniter4-4.1.9\system\Database\BaseBuilder.php(1455): CodeIgniter\Database\BaseConnection->query('SELECT *\nFROM `...', Array, false)
#2 D:\Downloads\CodeIgniter4-4.1.9\system\Model.php(210): CodeIgniter\Database\BaseBuilder->get()
#3 D:\Downloads\CodeIgniter4-4.1.9\system\BaseModel.php(622): CodeIgniter\Model->doFirst()
#4 D:\Downloads\CodeIgniter4-4.1.9\app\Controllers\Home.php(62): CodeIgniter\BaseModel->first()
#5 D:\Downloads\CodeIgniter4-4.1.9\system\CodeIgniter.php(832): App\Controllers\Home->aksi_login()
#6 D:\Downloads\CodeIgniter4-4.1.9\system\CodeIgniter.php(419): CodeIgniter\CodeIgniter->runController(Object(App\Controllers\Home))
#7 D:\Downloads\CodeIgniter4-4.1.9\system\CodeIgniter.php(326): CodeIgniter\CodeIgniter->handleRequest(NULL, Object(Config\Cache), false)
#8 D:\Downloads\CodeIgniter4-4.1.9\public\index.php(37): CodeIgniter\CodeIgniter->run()
#9 D:\Downloads\CodeIgniter4-4.1.9\system\Commands\Server\rewrite.php(43): require_once('D:\\Downloads\\Co...')
#10 {main}
ERROR - 2025-02-18 22:53:04 --> Table 'manajemenparkir.menu' doesn't exist
CRITICAL - 2025-02-18 22:53:04 --> Call to a member function getFirstRow() on bool
#0 D:\Downloads\CodeIgniter4-4.1.9\system\BaseModel.php(622): CodeIgniter\Model->doFirst()
#1 D:\Downloads\CodeIgniter4-4.1.9\app\Controllers\Home.php(62): CodeIgniter\BaseModel->first()
#2 D:\Downloads\CodeIgniter4-4.1.9\system\CodeIgniter.php(832): App\Controllers\Home->aksi_login()
#3 D:\Downloads\CodeIgniter4-4.1.9\system\CodeIgniter.php(419): CodeIgniter\CodeIgniter->runController(Object(App\Controllers\Home))
#4 D:\Downloads\CodeIgniter4-4.1.9\system\CodeIgniter.php(326): CodeIgniter\CodeIgniter->handleRequest(NULL, Object(Config\Cache), false)
#5 D:\Downloads\CodeIgniter4-4.1.9\public\index.php(37): CodeIgniter\CodeIgniter->run()
#6 D:\Downloads\CodeIgniter4-4.1.9\system\Commands\Server\rewrite.php(43): require_once('D:\\Downloads\\Co...')
#7 {main}
CRITICAL - 2025-02-18 22:59:19 --> You must set the database table to be used with your query.
#0 D:\Downloads\CodeIgniter4-4.1.9\system\Model.php(545): CodeIgniter\Database\BaseConnection->table(NULL)
#1 D:\Downloads\CodeIgniter4-4.1.9\system\Model.php(722): CodeIgniter\Model->builder()
#2 D:\Downloads\CodeIgniter4-4.1.9\app\Controllers\Home.php(60): CodeIgniter\Model->__call('where', Array)
#3 D:\Downloads\CodeIgniter4-4.1.9\system\CodeIgniter.php(832): App\Controllers\Home->aksi_login()
#4 D:\Downloads\CodeIgniter4-4.1.9\system\CodeIgniter.php(419): CodeIgniter\CodeIgniter->runController(Object(App\Controllers\Home))
#5 D:\Downloads\CodeIgniter4-4.1.9\system\CodeIgniter.php(326): CodeIgniter\CodeIgniter->handleRequest(NULL, Object(Config\Cache), false)
#6 D:\Downloads\CodeIgniter4-4.1.9\public\index.php(37): CodeIgniter\CodeIgniter->run()
#7 D:\Downloads\CodeIgniter4-4.1.9\system\Commands\Server\rewrite.php(43): require_once('D:\\Downloads\\Co...')
#8 {main}
ERROR - 2025-02-18 23:00:32 --> Table 'manajemenparkir.user' doesn't exist
CRITICAL - 2025-02-18 23:00:32 --> Call to a member function getRow() on bool
#0 D:\Downloads\CodeIgniter4-4.1.9\app\Controllers\Home.php(60): App\Models\Model2->getWhere('user', Array)
#1 D:\Downloads\CodeIgniter4-4.1.9\system\CodeIgniter.php(832): App\Controllers\Home->aksi_login()
#2 D:\Downloads\CodeIgniter4-4.1.9\system\CodeIgniter.php(419): CodeIgniter\CodeIgniter->runController(Object(App\Controllers\Home))
#3 D:\Downloads\CodeIgniter4-4.1.9\system\CodeIgniter.php(326): CodeIgniter\CodeIgniter->handleRequest(NULL, Object(Config\Cache), false)
#4 D:\Downloads\CodeIgniter4-4.1.9\public\index.php(37): CodeIgniter\CodeIgniter->run()
#5 D:\Downloads\CodeIgniter4-4.1.9\system\Commands\Server\rewrite.php(43): require_once('D:\\Downloads\\Co...')
#6 {main}
ERROR - 2025-02-18 23:04:00 --> Table 'manajemenparkir.user' doesn't exist
CRITICAL - 2025-02-18 23:04:00 --> Call to a member function getRow() on bool
#0 D:\Downloads\CodeIgniter4-4.1.9\app\Controllers\Home.php(60): App\Models\Model2->getWhere('user', Array)
#1 D:\Downloads\CodeIgniter4-4.1.9\system\CodeIgniter.php(832): App\Controllers\Home->aksi_login()
#2 D:\Downloads\CodeIgniter4-4.1.9\system\CodeIgniter.php(419): CodeIgniter\CodeIgniter->runController(Object(App\Controllers\Home))
#3 D:\Downloads\CodeIgniter4-4.1.9\system\CodeIgniter.php(326): CodeIgniter\CodeIgniter->handleRequest(NULL, Object(Config\Cache), false)
#4 D:\Downloads\CodeIgniter4-4.1.9\public\index.php(37): CodeIgniter\CodeIgniter->run()
#5 D:\Downloads\CodeIgniter4-4.1.9\system\Commands\Server\rewrite.php(43): require_once('D:\\Downloads\\Co...')
#6 {main}
ERROR - 2025-02-18 23:04:17 --> Table 'manajemenparkir.user' doesn't exist
CRITICAL - 2025-02-18 23:04:17 --> Call to a member function getRow() on bool
#0 D:\Downloads\CodeIgniter4-4.1.9\app\Controllers\Home.php(60): App\Models\Model2->getWhere('user', Array)
#1 D:\Downloads\CodeIgniter4-4.1.9\system\CodeIgniter.php(832): App\Controllers\Home->aksi_login()
#2 D:\Downloads\CodeIgniter4-4.1.9\system\CodeIgniter.php(419): CodeIgniter\CodeIgniter->runController(Object(App\Controllers\Home))
#3 D:\Downloads\CodeIgniter4-4.1.9\system\CodeIgniter.php(326): CodeIgniter\CodeIgniter->handleRequest(NULL, Object(Config\Cache), false)
#4 D:\Downloads\CodeIgniter4-4.1.9\public\index.php(37): CodeIgniter\CodeIgniter->run()
#5 D:\Downloads\CodeIgniter4-4.1.9\system\Commands\Server\rewrite.php(43): require_once('D:\\Downloads\\Co...')
#6 {main}
ERROR - 2025-02-18 23:05:16 --> Table 'manajemenparkir.user' doesn't exist
CRITICAL - 2025-02-18 23:05:16 --> Call to a member function getRow() on bool
#0 D:\Downloads\CodeIgniter4-4.1.9\app\Controllers\Home.php(60): App\Models\Model2->getWhere('user', Array)
#1 D:\Downloads\CodeIgniter4-4.1.9\system\CodeIgniter.php(832): App\Controllers\Home->aksi_login()
#2 D:\Downloads\CodeIgniter4-4.1.9\system\CodeIgniter.php(419): CodeIgniter\CodeIgniter->runController(Object(App\Controllers\Home))
#3 D:\Downloads\CodeIgniter4-4.1.9\system\CodeIgniter.php(326): CodeIgniter\CodeIgniter->handleRequest(NULL, Object(Config\Cache), false)
#4 D:\Downloads\CodeIgniter4-4.1.9\public\index.php(37): CodeIgniter\CodeIgniter->run()
#5 D:\Downloads\CodeIgniter4-4.1.9\system\Commands\Server\rewrite.php(43): require_once('D:\\Downloads\\Co...')
#6 {main}
ERROR - 2025-02-18 23:10:09 --> Table 'manajemenparkir.user' doesn't exist
CRITICAL - 2025-02-18 23:10:09 --> Call to a member function getRow() on bool
#0 D:\Downloads\CodeIgniter4-4.1.9\app\Controllers\Home.php(60): App\Models\Model2->getWhere('user', Array)
#1 D:\Downloads\CodeIgniter4-4.1.9\system\CodeIgniter.php(832): App\Controllers\Home->aksi_login()
#2 D:\Downloads\CodeIgniter4-4.1.9\system\CodeIgniter.php(419): CodeIgniter\CodeIgniter->runController(Object(App\Controllers\Home))
#3 D:\Downloads\CodeIgniter4-4.1.9\system\CodeIgniter.php(326): CodeIgniter\CodeIgniter->handleRequest(NULL, Object(Config\Cache), false)
#4 D:\Downloads\CodeIgniter4-4.1.9\public\index.php(37): CodeIgniter\CodeIgniter->run()
#5 D:\Downloads\CodeIgniter4-4.1.9\system\Commands\Server\rewrite.php(43): require_once('D:\\Downloads\\Co...')
#6 {main}
ERROR - 2025-02-18 23:13:11 --> Unknown column 'name' in 'where clause'
CRITICAL - 2025-02-18 23:13:11 --> Call to a member function getRow() on bool
#0 D:\Downloads\CodeIgniter4-4.1.9\app\Controllers\Home.php(60): App\Models\Model2->getWhere('pengguna', Array)
#1 D:\Downloads\CodeIgniter4-4.1.9\system\CodeIgniter.php(832): App\Controllers\Home->aksi_login()
#2 D:\Downloads\CodeIgniter4-4.1.9\system\CodeIgniter.php(419): CodeIgniter\CodeIgniter->runController(Object(App\Controllers\Home))
#3 D:\Downloads\CodeIgniter4-4.1.9\system\CodeIgniter.php(326): CodeIgniter\CodeIgniter->handleRequest(NULL, Object(Config\Cache), false)
#4 D:\Downloads\CodeIgniter4-4.1.9\public\index.php(37): CodeIgniter\CodeIgniter->run()
#5 D:\Downloads\CodeIgniter4-4.1.9\system\Commands\Server\rewrite.php(43): require_once('D:\\Downloads\\Co...')
#6 {main}
ERROR - 2025-02-18 23:14:06 --> Unknown column 'name' in 'where clause'
CRITICAL - 2025-02-18 23:14:06 --> Call to a member function getRow() on bool
#0 D:\Downloads\CodeIgniter4-4.1.9\app\Controllers\Home.php(60): App\Models\Model2->getWhere('pengguna', Array)
#1 D:\Downloads\CodeIgniter4-4.1.9\system\CodeIgniter.php(832): App\Controllers\Home->aksi_login()
#2 D:\Downloads\CodeIgniter4-4.1.9\system\CodeIgniter.php(419): CodeIgniter\CodeIgniter->runController(Object(App\Controllers\Home))
#3 D:\Downloads\CodeIgniter4-4.1.9\system\CodeIgniter.php(326): CodeIgniter\CodeIgniter->handleRequest(NULL, Object(Config\Cache), false)
#4 D:\Downloads\CodeIgniter4-4.1.9\public\index.php(37): CodeIgniter\CodeIgniter->run()
#5 D:\Downloads\CodeIgniter4-4.1.9\system\Commands\Server\rewrite.php(43): require_once('D:\\Downloads\\Co...')
#6 {main}
ERROR - 2025-02-18 23:14:37 --> Unknown column 'name' in 'where clause'
CRITICAL - 2025-02-18 23:14:37 --> Call to a member function getRow() on bool
#0 D:\Downloads\CodeIgniter4-4.1.9\app\Controllers\Home.php(60): App\Models\Model2->getWhere('pengguna', Array)
#1 D:\Downloads\CodeIgniter4-4.1.9\system\CodeIgniter.php(832): App\Controllers\Home->aksi_login()
#2 D:\Downloads\CodeIgniter4-4.1.9\system\CodeIgniter.php(419): CodeIgniter\CodeIgniter->runController(Object(App\Controllers\Home))
#3 D:\Downloads\CodeIgniter4-4.1.9\system\CodeIgniter.php(326): CodeIgniter\CodeIgniter->handleRequest(NULL, Object(Config\Cache), false)
#4 D:\Downloads\CodeIgniter4-4.1.9\public\index.php(37): CodeIgniter\CodeIgniter->run()
#5 D:\Downloads\CodeIgniter4-4.1.9\system\Commands\Server\rewrite.php(43): require_once('D:\\Downloads\\Co...')
#6 {main}
ERROR - 2025-02-18 23:15:00 --> Unknown column 'name' in 'where clause'
CRITICAL - 2025-02-18 23:15:00 --> Call to a member function getRow() on bool
#0 D:\Downloads\CodeIgniter4-4.1.9\app\Controllers\Home.php(60): App\Models\Model2->getWhere('pengguna', Array)
#1 D:\Downloads\CodeIgniter4-4.1.9\system\CodeIgniter.php(832): App\Controllers\Home->aksi_login()
#2 D:\Downloads\CodeIgniter4-4.1.9\system\CodeIgniter.php(419): CodeIgniter\CodeIgniter->runController(Object(App\Controllers\Home))
#3 D:\Downloads\CodeIgniter4-4.1.9\system\CodeIgniter.php(326): CodeIgniter\CodeIgniter->handleRequest(NULL, Object(Config\Cache), false)
#4 D:\Downloads\CodeIgniter4-4.1.9\public\index.php(37): CodeIgniter\CodeIgniter->run()
#5 D:\Downloads\CodeIgniter4-4.1.9\system\Commands\Server\rewrite.php(43): require_once('D:\\Downloads\\Co...')
#6 {main}
CRITICAL - 2025-02-18 23:17:28 --> syntax error, unexpected '?>', expecting ')'
#0 D:\Downloads\CodeIgniter4-4.1.9\system\View\View.php(213): CodeIgniter\View\View->CodeIgniter\View\{closure}()
#1 D:\Downloads\CodeIgniter4-4.1.9\system\Common.php(1089): CodeIgniter\View\View->render('index', Array, true)
#2 D:\Downloads\CodeIgniter4-4.1.9\app\Controllers\Home.php(81): view('index')
#3 D:\Downloads\CodeIgniter4-4.1.9\system\CodeIgniter.php(832): App\Controllers\Home->dashboard()
#4 D:\Downloads\CodeIgniter4-4.1.9\system\CodeIgniter.php(419): CodeIgniter\CodeIgniter->runController(Object(App\Controllers\Home))
#5 D:\Downloads\CodeIgniter4-4.1.9\system\CodeIgniter.php(326): CodeIgniter\CodeIgniter->handleRequest(NULL, Object(Config\Cache), false)
#6 D:\Downloads\CodeIgniter4-4.1.9\public\index.php(37): CodeIgniter\CodeIgniter->run()
#7 D:\Downloads\CodeIgniter4-4.1.9\system\Commands\Server\rewrite.php(43): require_once('D:\\Downloads\\Co...')
#8 {main}
