CRITICAL - 2025-02-23 19:09:54 --> syntax error, unexpected '}'
#0 D:\Downloads\CodeIgniter4-4.1.9\system\Router\Router.php(175): CodeIgniter\Router\Router->autoRoute('home/login')
#1 D:\Downloads\CodeIgniter4-4.1.9\system\CodeIgniter.php(726): CodeIgniter\Router\Router->handle('home/login')
#2 D:\Downloads\CodeIgniter4-4.1.9\system\CodeIgniter.php(368): CodeIgniter\CodeIgniter->tryToRouteIt(Object(CodeIgniter\Router\RouteCollection))
#3 D:\Downloads\CodeIgniter4-4.1.9\system\CodeIgniter.php(326): CodeIgniter\CodeIgniter->handleRequest(NULL, Object(Config\Cache), false)
#4 D:\Downloads\CodeIgniter4-4.1.9\public\index.php(37): CodeIgniter\CodeIgniter->run()
#5 D:\Downloads\CodeIgniter4-4.1.9\system\Commands\Server\rewrite.php(43): require_once('D:\\Downloads\\Co...')
#6 {main}
ERROR - 2025-02-23 19:11:13 --> Error connecting to the database: No connection could be made because the target machine actively refused it.

CRITICAL - 2025-02-23 19:11:13 --> Unable to connect to the database.
Main connection [MySQLi]: No connection could be made because the target machine actively refused it.

#0 D:\Downloads\CodeIgniter4-4.1.9\system\Database\BaseConnection.php(577): CodeIgniter\Database\BaseConnection->initialize()
#1 D:\Downloads\CodeIgniter4-4.1.9\system\Database\BaseBuilder.php(1588): CodeIgniter\Database\BaseConnection->query('SELECT *\nFROM `...', Array, false)
#2 D:\Downloads\CodeIgniter4-4.1.9\app\Models\Model2.php(51): CodeIgniter\Database\BaseBuilder->getWhere(Array)
#3 D:\Downloads\CodeIgniter4-4.1.9\app\Controllers\Home.php(83): App\Models\Model2->getWhere('pengguna', Array)
#4 D:\Downloads\CodeIgniter4-4.1.9\system\CodeIgniter.php(832): App\Controllers\Home->aksi_login()
#5 D:\Downloads\CodeIgniter4-4.1.9\system\CodeIgniter.php(419): CodeIgniter\CodeIgniter->runController(Object(App\Controllers\Home))
#6 D:\Downloads\CodeIgniter4-4.1.9\system\CodeIgniter.php(326): CodeIgniter\CodeIgniter->handleRequest(NULL, Object(Config\Cache), false)
#7 D:\Downloads\CodeIgniter4-4.1.9\public\index.php(37): CodeIgniter\CodeIgniter->run()
#8 D:\Downloads\CodeIgniter4-4.1.9\system\Commands\Server\rewrite.php(43): require_once('D:\\Downloads\\Co...')
#9 {main}
CRITICAL - 2025-02-23 19:12:12 --> Class 'App\Controllers\ParkingModel' not found
#0 D:\Downloads\CodeIgniter4-4.1.9\system\CodeIgniter.php(832): App\Controllers\Home->showParkingMap()
#1 D:\Downloads\CodeIgniter4-4.1.9\system\CodeIgniter.php(419): CodeIgniter\CodeIgniter->runController(Object(App\Controllers\Home))
#2 D:\Downloads\CodeIgniter4-4.1.9\system\CodeIgniter.php(326): CodeIgniter\CodeIgniter->handleRequest(NULL, Object(Config\Cache), false)
#3 D:\Downloads\CodeIgniter4-4.1.9\public\index.php(37): CodeIgniter\CodeIgniter->run()
#4 D:\Downloads\CodeIgniter4-4.1.9\system\Commands\Server\rewrite.php(43): require_once('D:\\Downloads\\Co...')
#5 {main}
CRITICAL - 2025-02-23 19:25:07 --> You must set the database table to be used with your query.
#0 D:\Downloads\CodeIgniter4-4.1.9\system\Model.php(545): CodeIgniter\Database\BaseConnection->table(NULL)
#1 D:\Downloads\CodeIgniter4-4.1.9\system\Model.php(176): CodeIgniter\Model->builder()
#2 D:\Downloads\CodeIgniter4-4.1.9\system\BaseModel.php(584): CodeIgniter\Model->doFindAll(0, 0)
#3 D:\Downloads\CodeIgniter4-4.1.9\app\Models\Model2.php(68): CodeIgniter\BaseModel->findAll()
#4 D:\Downloads\CodeIgniter4-4.1.9\app\Controllers\Home.php(131): App\Models\Model2->getAllSpaces()
#5 D:\Downloads\CodeIgniter4-4.1.9\system\CodeIgniter.php(832): App\Controllers\Home->showParkingMap()
#6 D:\Downloads\CodeIgniter4-4.1.9\system\CodeIgniter.php(419): CodeIgniter\CodeIgniter->runController(Object(App\Controllers\Home))
#7 D:\Downloads\CodeIgniter4-4.1.9\system\CodeIgniter.php(326): CodeIgniter\CodeIgniter->handleRequest(NULL, Object(Config\Cache), false)
#8 D:\Downloads\CodeIgniter4-4.1.9\public\index.php(37): CodeIgniter\CodeIgniter->run()
#9 D:\Downloads\CodeIgniter4-4.1.9\system\Commands\Server\rewrite.php(43): require_once('D:\\Downloads\\Co...')
#10 {main}
CRITICAL - 2025-02-23 19:31:05 --> Namespace declaration statement has to be the very first statement or after any declare call in the script
#0 [internal function]: CodeIgniter\Debug\Exceptions->shutdownHandler()
#1 {main}
ERROR - 2025-02-23 19:31:36 --> Table 'manajemenparkir.parking_spaces' doesn't exist
CRITICAL - 2025-02-23 19:31:36 --> Call to a member function getResult() on bool
#0 D:\Downloads\CodeIgniter4-4.1.9\system\BaseModel.php(584): CodeIgniter\Model->doFindAll(0, 0)
#1 D:\Downloads\CodeIgniter4-4.1.9\app\Models\ParkingModel.php(14): CodeIgniter\BaseModel->findAll()
#2 D:\Downloads\CodeIgniter4-4.1.9\app\Controllers\Home.php(133): App\Models\ParkingModel->getAllSpaces()
#3 D:\Downloads\CodeIgniter4-4.1.9\system\CodeIgniter.php(832): App\Controllers\Home->showParkingMap()
#4 D:\Downloads\CodeIgniter4-4.1.9\system\CodeIgniter.php(419): CodeIgniter\CodeIgniter->runController(Object(App\Controllers\Home))
#5 D:\Downloads\CodeIgniter4-4.1.9\system\CodeIgniter.php(326): CodeIgniter\CodeIgniter->handleRequest(NULL, Object(Config\Cache), false)
#6 D:\Downloads\CodeIgniter4-4.1.9\public\index.php(37): CodeIgniter\CodeIgniter->run()
#7 D:\Downloads\CodeIgniter4-4.1.9\system\Commands\Server\rewrite.php(43): require_once('D:\\Downloads\\Co...')
#8 {main}
CRITICAL - 2025-02-23 19:32:41 --> syntax error, unexpected end of file, expecting function (T_FUNCTION) or const (T_CONST)
#0 D:\Downloads\CodeIgniter4-4.1.9\system\Autoloader\Autoloader.php(241): CodeIgniter\Autoloader\Autoloader->includeFile('D:\\Downloads\\Co...')
#1 D:\Downloads\CodeIgniter4-4.1.9\system\Autoloader\Autoloader.php(219): CodeIgniter\Autoloader\Autoloader->loadInNamespace('App\\Models\\Park...')
#2 [internal function]: CodeIgniter\Autoloader\Autoloader->loadClass('App\\Models\\Park...')
#3 D:\Downloads\CodeIgniter4-4.1.9\app\Controllers\Home.php(132): spl_autoload_call('App\\Models\\Park...')
#4 D:\Downloads\CodeIgniter4-4.1.9\system\CodeIgniter.php(832): App\Controllers\Home->showParkingMap()
#5 D:\Downloads\CodeIgniter4-4.1.9\system\CodeIgniter.php(419): CodeIgniter\CodeIgniter->runController(Object(App\Controllers\Home))
#6 D:\Downloads\CodeIgniter4-4.1.9\system\CodeIgniter.php(326): CodeIgniter\CodeIgniter->handleRequest(NULL, Object(Config\Cache), false)
#7 D:\Downloads\CodeIgniter4-4.1.9\public\index.php(37): CodeIgniter\CodeIgniter->run()
#8 D:\Downloads\CodeIgniter4-4.1.9\system\Commands\Server\rewrite.php(43): require_once('D:\\Downloads\\Co...')
#9 {main}
ERROR - 2025-02-23 19:32:54 --> Table 'manajemenparkir.parking_spaces' doesn't exist
ERROR - 2025-02-23 19:32:57 --> Table 'manajemenparkir.parking_spaces' doesn't exist
ERROR - 2025-02-23 19:33:48 --> Table 'manajemenparkir.parking_spaces' doesn't exist
CRITICAL - 2025-02-23 19:41:24 --> Cannot use object of type stdClass as array
#0 D:\Downloads\CodeIgniter4-4.1.9\system\View\View.php(210): include()
#1 D:\Downloads\CodeIgniter4-4.1.9\system\View\View.php(213): CodeIgniter\View\View->CodeIgniter\View\{closure}()
#2 D:\Downloads\CodeIgniter4-4.1.9\system\Common.php(1089): CodeIgniter\View\View->render('book_parkir', Array, true)
#3 D:\Downloads\CodeIgniter4-4.1.9\app\Controllers\Home.php(137): view('book_parkir', Array)
#4 D:\Downloads\CodeIgniter4-4.1.9\system\CodeIgniter.php(832): App\Controllers\Home->showParkingMap()
#5 D:\Downloads\CodeIgniter4-4.1.9\system\CodeIgniter.php(419): CodeIgniter\CodeIgniter->runController(Object(App\Controllers\Home))
#6 D:\Downloads\CodeIgniter4-4.1.9\system\CodeIgniter.php(326): CodeIgniter\CodeIgniter->handleRequest(NULL, Object(Config\Cache), false)
#7 D:\Downloads\CodeIgniter4-4.1.9\public\index.php(37): CodeIgniter\CodeIgniter->run()
#8 D:\Downloads\CodeIgniter4-4.1.9\system\Commands\Server\rewrite.php(43): require_once('D:\\Downloads\\Co...')
#9 {main}
ERROR - 2025-02-23 19:48:19 --> Error connecting to the database: No connection could be made because the target machine actively refused it.

CRITICAL - 2025-02-23 19:48:19 --> Unable to connect to the database.
Main connection [MySQLi]: No connection could be made because the target machine actively refused it.

#0 D:\Downloads\CodeIgniter4-4.1.9\system\Database\BaseConnection.php(577): CodeIgniter\Database\BaseConnection->initialize()
#1 D:\Downloads\CodeIgniter4-4.1.9\system\Database\BaseBuilder.php(1455): CodeIgniter\Database\BaseConnection->query('SELECT *\nFROM `...', Array, false)
#2 D:\Downloads\CodeIgniter4-4.1.9\app\Models\ParkingModel.php(14): CodeIgniter\Database\BaseBuilder->get()
#3 D:\Downloads\CodeIgniter4-4.1.9\app\Controllers\Home.php(133): App\Models\ParkingModel->getAllSpaces()
#4 D:\Downloads\CodeIgniter4-4.1.9\system\CodeIgniter.php(832): App\Controllers\Home->showParkingMap()
#5 D:\Downloads\CodeIgniter4-4.1.9\system\CodeIgniter.php(419): CodeIgniter\CodeIgniter->runController(Object(App\Controllers\Home))
#6 D:\Downloads\CodeIgniter4-4.1.9\system\CodeIgniter.php(326): CodeIgniter\CodeIgniter->handleRequest(NULL, Object(Config\Cache), false)
#7 D:\Downloads\CodeIgniter4-4.1.9\public\index.php(37): CodeIgniter\CodeIgniter->run()
#8 D:\Downloads\CodeIgniter4-4.1.9\system\Commands\Server\rewrite.php(43): require_once('D:\\Downloads\\Co...')
#9 {main}
